<?xml version="1.0" encoding="UTF-8"?>
<testsuite xmlns:xsi="http://www.w3.org/2001/XMLSchema-instance" xsi:noNamespaceSchemaLocation="https://maven.apache.org/surefire/maven-surefire-plugin/xsd/surefire-test-report.xsd" version="3.0.1" name="com.quiz.AppTest" time="0.17" tests="4" errors="0" skipped="0" failures="0">
  <properties>
[...]
</properties>
  <testcase name="testOpenEndedCaseInsensitive" classname="com.quiz.AppTest" time="0.027"/>
  <testcase name="testMCQCorrectAnswer" classname="com.quiz.AppTest" time="0.0"/>
  <testcase name="testQuestionsLoad" classname="com.quiz.AppTest" time="0.129"/>
  <testcase name="testScoreInitiallyZero" classname="com.quiz.AppTest" time="0.0"/>
</testsuite>